|root| [DEBUG.LEVEL] [Fri Jul 15 15:13:29 2022] /var/www/html/controller/CommandProvider.php: /update
|root| [ERROR.LEVEL] [Fri Jul 15 15:13:29 2022] /var/www/html/controller/command/UpdateUserPageCommand.php: ./resources/
|root| [ERROR.LEVEL] [Fri Jul 15 15:13:29 2022] /var/www/html/controller/command/UpdateUserPageCommand.php: Array
|root| [DEBUG.LEVEL] [Fri Jul 15 15:14:07 2022] /var/www/html/controller/CommandProvider.php: /update
|root| [ERROR.LEVEL] [Fri Jul 15 15:14:07 2022] /var/www/html/controller/command/UpdateUserPageCommand.php: ./resources/
|root| [DEBUG.LEVEL] [Fri Jul 15 15:15:08 2022] /var/www/html/controller/CommandProvider.php: /update
|root| [ERROR.LEVEL] [Fri Jul 15 15:15:08 2022] /var/www/html/controller/command/UpdateUserPageCommand.php: ./resources/
|root| [DEBUG.LEVEL] [Fri Jul 15 15:17:12 2022] /var/www/html/controller/CommandProvider.php: /update
|root| [DEBUG.LEVEL] [Fri Jul 15 15:17:12 2022] /var/www/html/util/validation/impl/UserValidator.php: path 1
|root| [DEBUG.LEVEL] [Fri Jul 15 15:17:12 2022] /var/www/html/util/validation/impl/UserValidator.php: path 1
|root| [DEBUG.LEVEL] [Fri Jul 15 15:17:12 2022] /var/www/html/util/validation/impl/UserValidator.php: path 1
|root| [DEBUG.LEVEL] [Fri Jul 15 15:17:12 2022] /var/www/html/util/validation/impl/UserValidator.php: $isValidName = 1$isValidRole = 1$isValidCountry = 1$isValidEmail = 1
|root| [DEBUG.LEVEL] [Fri Jul 15 15:17:12 2022] /var/www/html/util/validation/impl/UserValidator.php: isValidPath = 1
|root| [DEBUG.LEVEL] [Fri Jul 15 15:17:12 2022] /var/www/html/util/validation/impl/UserValidator.php: 
|root| [DEBUG.LEVEL] [Fri Jul 15 15:17:12 2022] /var/www/html/controller/CommandProvider.php: /home
|HANDLER_LOGGER| [INFO.LEVEL] [Fri Jul 15 15:17:12 2022] /var/www/html/util/handler/Handler.php: The set up was executed with handler.
|root| [DEBUG.LEVEL] [Fri Jul 15 15:17:14 2022] /var/www/html/controller/CommandProvider.php: /profile
|HANDLER_LOGGER| [INFO.LEVEL] [Fri Jul 15 15:17:14 2022] /var/www/html/util/handler/Handler.php: The set up was executed with handler.
|root| [DEBUG.LEVEL] [Fri Jul 15 15:17:15 2022] /var/www/html/controller/CommandProvider.php: /update
|HANDLER_LOGGER| [INFO.LEVEL] [Fri Jul 15 15:17:15 2022] /var/www/html/util/handler/Handler.php: The set up was executed with handler.
|root| [DEBUG.LEVEL] [Fri Jul 15 15:17:17 2022] /var/www/html/controller/CommandProvider.php: /update
|root| [DEBUG.LEVEL] [Fri Jul 15 15:17:17 2022] /var/www/html/util/validation/impl/UserValidator.php: path 1
|root| [DEBUG.LEVEL] [Fri Jul 15 15:17:17 2022] /var/www/html/util/validation/impl/UserValidator.php: path 1
|root| [DEBUG.LEVEL] [Fri Jul 15 15:17:17 2022] /var/www/html/util/validation/impl/UserValidator.php: path 1
|root| [DEBUG.LEVEL] [Fri Jul 15 15:17:17 2022] /var/www/html/util/validation/impl/UserValidator.php: $isValidName = 1$isValidRole = 1$isValidCountry = 1$isValidEmail = 1
|root| [DEBUG.LEVEL] [Fri Jul 15 15:17:17 2022] /var/www/html/util/validation/impl/UserValidator.php: isValidPath = 1
|root| [DEBUG.LEVEL] [Fri Jul 15 15:17:17 2022] /var/www/html/util/validation/impl/UserValidator.php: 
|root| [DEBUG.LEVEL] [Fri Jul 15 15:17:17 2022] /var/www/html/controller/CommandProvider.php: /home
|HANDLER_LOGGER| [INFO.LEVEL] [Fri Jul 15 15:17:17 2022] /var/www/html/util/handler/Handler.php: The set up was executed with handler.
|root| [DEBUG.LEVEL] [Fri Jul 15 15:17:19 2022] /var/www/html/controller/CommandProvider.php: /profile
|HANDLER_LOGGER| [INFO.LEVEL] [Fri Jul 15 15:17:19 2022] /var/www/html/util/handler/Handler.php: The set up was executed with handler.
|root| [DEBUG.LEVEL] [Fri Jul 15 15:17:21 2022] /var/www/html/controller/CommandProvider.php: /update
|HANDLER_LOGGER| [INFO.LEVEL] [Fri Jul 15 15:17:21 2022] /var/www/html/util/handler/Handler.php: The set up was executed with handler.
|root| [DEBUG.LEVEL] [Fri Jul 15 15:17:28 2022] /var/www/html/controller/CommandProvider.php: /update
|root| [ERROR.LEVEL] [Fri Jul 15 15:17:28 2022] /var/www/html/controller/command/UpdateUserPageCommand.php: ./resources/default_avatar.jpg
|root| [DEBUG.LEVEL] [Fri Jul 15 15:17:28 2022] /var/www/html/util/validation/impl/UserValidator.php: path 1
|root| [DEBUG.LEVEL] [Fri Jul 15 15:17:28 2022] /var/www/html/util/validation/impl/UserValidator.php: path 1
|root| [DEBUG.LEVEL] [Fri Jul 15 15:17:28 2022] /var/www/html/util/validation/impl/UserValidator.php: path 1
|root| [DEBUG.LEVEL] [Fri Jul 15 15:17:28 2022] /var/www/html/util/validation/impl/UserValidator.php: $isValidName = 1$isValidRole = 1$isValidCountry = 1$isValidEmail = 1
|root| [DEBUG.LEVEL] [Fri Jul 15 15:17:28 2022] /var/www/html/util/validation/impl/UserValidator.php: isValidPath = 1
|root| [DEBUG.LEVEL] [Fri Jul 15 15:17:28 2022] /var/www/html/util/validation/impl/UserValidator.php: 
|root| [DEBUG.LEVEL] [Fri Jul 15 15:17:28 2022] /var/www/html/controller/CommandProvider.php: /home
|HANDLER_LOGGER| [INFO.LEVEL] [Fri Jul 15 15:17:28 2022] /var/www/html/util/handler/Handler.php: The set up was executed with handler.
|root| [DEBUG.LEVEL] [Fri Jul 15 15:17:29 2022] /var/www/html/controller/CommandProvider.php: /profile
|HANDLER_LOGGER| [INFO.LEVEL] [Fri Jul 15 15:17:29 2022] /var/www/html/util/handler/Handler.php: The set up was executed with handler.
|root| [DEBUG.LEVEL] [Fri Jul 15 15:19:07 2022] /var/www/html/controller/CommandProvider.php: /update
|HANDLER_LOGGER| [INFO.LEVEL] [Fri Jul 15 15:19:07 2022] /var/www/html/util/handler/Handler.php: The set up was executed with handler.
|root| [DEBUG.LEVEL] [Fri Jul 15 15:19:12 2022] /var/www/html/controller/CommandProvider.php: /update
|root| [ERROR.LEVEL] [Fri Jul 15 15:19:12 2022] /var/www/html/controller/command/UpdateUserPageCommand.php: jpg
|root| [DEBUG.LEVEL] [Fri Jul 15 15:19:12 2022] /var/www/html/util/validation/impl/UserValidator.php: path 1
|root| [DEBUG.LEVEL] [Fri Jul 15 15:19:12 2022] /var/www/html/util/validation/impl/UserValidator.php: path 1
|root| [DEBUG.LEVEL] [Fri Jul 15 15:19:12 2022] /var/www/html/util/validation/impl/UserValidator.php: path 0
|root| [DEBUG.LEVEL] [Fri Jul 15 15:19:12 2022] /var/www/html/util/validation/impl/UserValidator.php: $isValidName = 1$isValidRole = 1$isValidCountry = 1$isValidEmail = 1
|root| [DEBUG.LEVEL] [Fri Jul 15 15:19:12 2022] /var/www/html/util/validation/impl/UserValidator.php: isValidPath = 
|root| [DEBUG.LEVEL] [Fri Jul 15 15:19:12 2022] /var/www/html/util/validation/impl/UserValidator.php: 
|HANDLER_LOGGER| [INFO.LEVEL] [Fri Jul 15 15:19:12 2022] /var/www/html/util/handler/Handler.php: The set up was executed with handler.
|root| [DEBUG.LEVEL] [Fri Jul 15 15:19:23 2022] /var/www/html/controller/CommandProvider.php: /home
|HANDLER_LOGGER| [INFO.LEVEL] [Fri Jul 15 15:19:23 2022] /var/www/html/util/handler/Handler.php: The set up was executed with handler.
|root| [DEBUG.LEVEL] [Fri Jul 15 15:19:24 2022] /var/www/html/controller/CommandProvider.php: /profile
|HANDLER_LOGGER| [INFO.LEVEL] [Fri Jul 15 15:19:24 2022] /var/www/html/util/handler/Handler.php: The set up was executed with handler.
|root| [DEBUG.LEVEL] [Fri Jul 15 15:19:26 2022] /var/www/html/controller/CommandProvider.php: /update
|HANDLER_LOGGER| [INFO.LEVEL] [Fri Jul 15 15:19:26 2022] /var/www/html/util/handler/Handler.php: The set up was executed with handler.
|root| [DEBUG.LEVEL] [Fri Jul 15 15:19:40 2022] /var/www/html/controller/CommandProvider.php: /update
|root| [ERROR.LEVEL] [Fri Jul 15 15:19:40 2022] /var/www/html/controller/command/UpdateUserPageCommand.php: jpg
|root| [DEBUG.LEVEL] [Fri Jul 15 15:19:40 2022] /var/www/html/util/validation/impl/UserValidator.php: path 1
|root| [DEBUG.LEVEL] [Fri Jul 15 15:19:40 2022] /var/www/html/util/validation/impl/UserValidator.php: path 1
|root| [DEBUG.LEVEL] [Fri Jul 15 15:19:40 2022] /var/www/html/util/validation/impl/UserValidator.php: path 1
|root| [DEBUG.LEVEL] [Fri Jul 15 15:19:40 2022] /var/www/html/util/validation/impl/UserValidator.php: $isValidName = 1$isValidRole = 1$isValidCountry = 1$isValidEmail = 1
|root| [DEBUG.LEVEL] [Fri Jul 15 15:19:40 2022] /var/www/html/util/validation/impl/UserValidator.php: isValidPath = 1
|root| [DEBUG.LEVEL] [Fri Jul 15 15:19:40 2022] /var/www/html/util/validation/impl/UserValidator.php: 
|root| [DEBUG.LEVEL] [Fri Jul 15 15:19:40 2022] /var/www/html/controller/CommandProvider.php: /home
|HANDLER_LOGGER| [INFO.LEVEL] [Fri Jul 15 15:19:40 2022] /var/www/html/util/handler/Handler.php: The set up was executed with handler.
|root| [DEBUG.LEVEL] [Fri Jul 15 15:19:43 2022] /var/www/html/controller/CommandProvider.php: /profile
|HANDLER_LOGGER| [INFO.LEVEL] [Fri Jul 15 15:19:43 2022] /var/www/html/util/handler/Handler.php: The set up was executed with handler.
|HANDLER_LOGGER| [INFO.LEVEL] [Fri Jul 15 15:37:34 2022] /var/www/html/util/handler/Handler.php: The set up was executed with handler.
|HANDLER_LOGGER| [INFO.LEVEL] [Fri Jul 15 15:37:45 2022] /var/www/html/util/handler/Handler.php: The set up was executed with handler.
|HANDLER_LOGGER| [INFO.LEVEL] [Fri Jul 15 15:37:47 2022] /var/www/html/util/handler/Handler.php: The set up was executed with handler.
|HANDLER_LOGGER| [INFO.LEVEL] [Fri Jul 15 15:40:53 2022] /var/www/html/util/handler/Handler.php: The set up was executed with handler.
|HANDLER_LOGGER| [INFO.LEVEL] [Fri Jul 15 15:41:00 2022] /var/www/html/util/handler/Handler.php: The set up was executed with handler.
|HANDLER_LOGGER| [INFO.LEVEL] [Fri Jul 15 15:41:01 2022] /var/www/html/util/handler/Handler.php: The set up was executed with handler.
|HANDLER_LOGGER| [INFO.LEVEL] [Fri Jul 15 15:43:50 2022] /var/www/html/util/handler/Handler.php: The set up was executed with handler.
|HANDLER_LOGGER| [INFO.LEVEL] [Fri Jul 15 15:43:56 2022] /var/www/html/util/handler/Handler.php: The set up was executed with handler.
|HANDLER_LOGGER| [INFO.LEVEL] [Fri Jul 15 15:43:57 2022] /var/www/html/util/handler/Handler.php: The set up was executed with handler.
|HANDLER_LOGGER| [INFO.LEVEL] [Fri Jul 15 15:48:52 2022] /var/www/html/util/handler/Handler.php: The set up was executed with handler.
|HANDLER_LOGGER| [INFO.LEVEL] [Fri Jul 15 15:49:41 2022] /var/www/html/util/handler/Handler.php: The set up was executed with handler.
|HANDLER_LOGGER| [INFO.LEVEL] [Fri Jul 15 15:49:45 2022] /var/www/html/util/handler/Handler.php: The set up was executed with handler.
|HANDLER_LOGGER| [INFO.LEVEL] [Fri Jul 15 15:49:47 2022] /var/www/html/util/handler/Handler.php: The set up was executed with handler.
|HANDLER_LOGGER| [INFO.LEVEL] [Fri Jul 15 15:49:49 2022] /var/www/html/util/handler/Handler.php: The set up was executed with handler.
|HANDLER_LOGGER| [INFO.LEVEL] [Fri Jul 15 15:49:52 2022] /var/www/html/util/handler/Handler.php: The set up was executed with handler.
|HANDLER_LOGGER| [INFO.LEVEL] [Fri Jul 15 15:49:54 2022] /var/www/html/util/handler/Handler.php: The set up was executed with handler.
|HANDLER_LOGGER| [INFO.LEVEL] [Fri Jul 15 15:49:55 2022] /var/www/html/util/handler/Handler.php: The set up was executed with handler.
|HANDLER_LOGGER| [INFO.LEVEL] [Fri Jul 15 15:50:06 2022] /var/www/html/util/handler/Handler.php: The set up was executed with handler.
|HANDLER_LOGGER| [INFO.LEVEL] [Fri Jul 15 15:50:08 2022] /var/www/html/util/handler/Handler.php: The set up was executed with handler.
|HANDLER_LOGGER| [INFO.LEVEL] [Fri Jul 15 15:50:14 2022] /var/www/html/util/handler/Handler.php: The set up was executed with handler.
|HANDLER_LOGGER| [INFO.LEVEL] [Fri Jul 15 15:50:18 2022] /var/www/html/util/handler/Handler.php: The set up was executed with handler.
|HANDLER_LOGGER| [INFO.LEVEL] [Fri Jul 15 15:50:20 2022] /var/www/html/util/handler/Handler.php: The set up was executed with handler.
|HANDLER_LOGGER| [INFO.LEVEL] [Fri Jul 15 15:50:24 2022] /var/www/html/util/handler/Handler.php: The set up was executed with handler.
|HANDLER_LOGGER| [INFO.LEVEL] [Fri Jul 15 15:50:37 2022] /var/www/html/util/handler/Handler.php: The set up was executed with handler.
|HANDLER_LOGGER| [INFO.LEVEL] [Fri Jul 15 15:50:48 2022] /var/www/html/util/handler/Handler.php: The set up was executed with handler.
|HANDLER_LOGGER| [INFO.LEVEL] [Fri Jul 15 15:50:54 2022] /var/www/html/util/handler/Handler.php: The set up was executed with handler.
|HANDLER_LOGGER| [INFO.LEVEL] [Fri Jul 15 15:51:08 2022] /var/www/html/util/handler/Handler.php: The set up was executed with handler.
|HANDLER_LOGGER| [INFO.LEVEL] [Fri Jul 15 15:51:12 2022] /var/www/html/util/handler/Handler.php: The set up was executed with handler.
|HANDLER_LOGGER| [INFO.LEVEL] [Fri Jul 15 15:51:17 2022] /var/www/html/util/handler/Handler.php: The set up was executed with handler.
|HANDLER_LOGGER| [INFO.LEVEL] [Fri Jul 15 15:51:23 2022] /var/www/html/util/handler/Handler.php: The set up was executed with handler.
|HANDLER_LOGGER| [INFO.LEVEL] [Fri Jul 15 15:52:01 2022] /var/www/html/util/handler/Handler.php: The set up was executed with handler.
|HANDLER_LOGGER| [INFO.LEVEL] [Fri Jul 15 15:52:05 2022] /var/www/html/util/handler/Handler.php: The set up was executed with handler.
|HANDLER_LOGGER| [INFO.LEVEL] [Fri Jul 15 15:52:09 2022] /var/www/html/util/handler/Handler.php: The set up was executed with handler.
|HANDLER_LOGGER| [INFO.LEVEL] [Fri Jul 15 15:52:11 2022] /var/www/html/util/handler/Handler.php: The set up was executed with handler.
|HANDLER_LOGGER| [INFO.LEVEL] [Fri Jul 15 15:52:16 2022] /var/www/html/util/handler/Handler.php: The set up was executed with handler.
|HANDLER_LOGGER| [INFO.LEVEL] [Fri Jul 15 15:52:18 2022] /var/www/html/util/handler/Handler.php: The set up was executed with handler.
|HANDLER_LOGGER| [INFO.LEVEL] [Fri Jul 15 15:52:25 2022] /var/www/html/util/handler/Handler.php: The set up was executed with handler.
|HANDLER_LOGGER| [INFO.LEVEL] [Fri Jul 15 15:52:32 2022] /var/www/html/util/handler/Handler.php: The set up was executed with handler.
|HANDLER_LOGGER| [INFO.LEVEL] [Fri Jul 15 15:52:36 2022] /var/www/html/util/handler/Handler.php: The set up was executed with handler.
|HANDLER_LOGGER| [INFO.LEVEL] [Fri Jul 15 15:53:02 2022] /var/www/html/util/handler/Handler.php: The set up was executed with handler.
|HANDLER_LOGGER| [INFO.LEVEL] [Fri Jul 15 15:53:04 2022] /var/www/html/util/handler/Handler.php: The set up was executed with handler.
|HANDLER_LOGGER| [INFO.LEVEL] [Fri Jul 15 15:53:05 2022] /var/www/html/util/handler/Handler.php: The set up was executed with handler.
|HANDLER_LOGGER| [INFO.LEVEL] [Fri Jul 15 15:53:14 2022] /var/www/html/util/handler/Handler.php: The set up was executed with handler.
|HANDLER_LOGGER| [INFO.LEVEL] [Fri Jul 15 15:53:25 2022] /var/www/html/util/handler/Handler.php: The set up was executed with handler.
|HANDLER_LOGGER| [INFO.LEVEL] [Fri Jul 15 15:53:29 2022] /var/www/html/util/handler/Handler.php: The set up was executed with handler.
|HANDLER_LOGGER| [INFO.LEVEL] [Fri Jul 15 15:53:31 2022] /var/www/html/util/handler/Handler.php: The set up was executed with handler.
|HANDLER_LOGGER| [INFO.LEVEL] [Fri Jul 15 15:53:37 2022] /var/www/html/util/handler/Handler.php: The set up was executed with handler.
|HANDLER_LOGGER| [INFO.LEVEL] [Fri Jul 15 15:53:55 2022] /var/www/html/util/handler/Handler.php: The set up was executed with handler.
|HANDLER_LOGGER| [INFO.LEVEL] [Fri Jul 15 15:53:57 2022] /var/www/html/util/handler/Handler.php: The set up was executed with handler.
|HANDLER_LOGGER| [INFO.LEVEL] [Fri Jul 15 15:54:01 2022] /var/www/html/util/handler/Handler.php: The set up was executed with handler.
|HANDLER_LOGGER| [INFO.LEVEL] [Fri Jul 15 15:54:03 2022] /var/www/html/util/handler/Handler.php: The set up was executed with handler.
|HANDLER_LOGGER| [INFO.LEVEL] [Fri Jul 15 15:54:06 2022] /var/www/html/util/handler/Handler.php: The set up was executed with handler.
|HANDLER_LOGGER| [INFO.LEVEL] [Fri Jul 15 15:54:08 2022] /var/www/html/util/handler/Handler.php: The set up was executed with handler.
|HANDLER_LOGGER| [INFO.LEVEL] [Fri Jul 15 15:56:12 2022] /var/www/html/util/handler/Handler.php: The set up was executed with handler.
|HANDLER_LOGGER| [INFO.LEVEL] [Fri Jul 15 15:56:15 2022] /var/www/html/util/handler/Handler.php: The set up was executed with handler.
|HANDLER_LOGGER| [INFO.LEVEL] [Fri Jul 15 15:56:21 2022] /var/www/html/util/handler/Handler.php: The set up was executed with handler.
|HANDLER_LOGGER| [INFO.LEVEL] [Fri Jul 15 15:56:22 2022] /var/www/html/util/handler/Handler.php: The set up was executed with handler.
|HANDLER_LOGGER| [INFO.LEVEL] [Fri Jul 15 15:56:24 2022] /var/www/html/util/handler/Handler.php: The set up was executed with handler.
|HANDLER_LOGGER| [INFO.LEVEL] [Fri Jul 15 15:56:38 2022] /var/www/html/util/handler/Handler.php: The set up was executed with handler.
|HANDLER_LOGGER| [INFO.LEVEL] [Fri Jul 15 15:56:58 2022] /var/www/html/util/handler/Handler.php: The set up was executed with handler.
|HANDLER_LOGGER| [INFO.LEVEL] [Fri Jul 15 15:57:05 2022] /var/www/html/util/handler/Handler.php: The set up was executed with handler.
|HANDLER_LOGGER| [INFO.LEVEL] [Fri Jul 15 15:57:08 2022] /var/www/html/util/handler/Handler.php: The set up was executed with handler.
|HANDLER_LOGGER| [INFO.LEVEL] [Fri Jul 15 15:57:09 2022] /var/www/html/util/handler/Handler.php: The set up was executed with handler.
|HANDLER_LOGGER| [INFO.LEVEL] [Fri Jul 15 15:57:22 2022] /var/www/html/util/handler/Handler.php: The set up was executed with handler.
|HANDLER_LOGGER| [INFO.LEVEL] [Fri Jul 15 15:57:26 2022] /var/www/html/util/handler/Handler.php: The set up was executed with handler.
|HANDLER_LOGGER| [INFO.LEVEL] [Fri Jul 15 15:57:30 2022] /var/www/html/util/handler/Handler.php: The set up was executed with handler.
